# JRE version: Java(TM) SE Runtime Environment (7.0_55-b13) (build 1.7.0_55-b13)
# Java VM: Java HotSpot(TM) 64-Bit Server VM (24.55-b03 mixed mode windows-amd64 compressed oops)
Heap
 PSYoungGen      total 139776K, used 91187K [0x00000007d5e80000, 0x00000007e7c80000, 0x0000000800000000)
  eden space 131584K, 63% used [0x00000007d5e80000,0x00000007daf913f8,0x00000007ddf00000)
  from space 8192K, 99% used [0x00000007ddf00000,0x00000007de6fb8c8,0x00000007de700000)
  to   space 14848K, 0% used [0x00000007e6e00000,0x00000007e6e00000,0x00000007e7c80000)
 ParOldGen       total 86016K, used 14367K [0x0000000781c00000, 0x0000000787000000, 0x00000007d5e80000)
  object space 86016K, 16% used [0x0000000781c00000,0x0000000782a07f90,0x0000000787000000)
 PSPermGen       total 43520K, used 43493K [0x000000077ca00000, 0x000000077f480000, 0x0000000781c00000)
  object space 43520K, 99% used [0x000000077ca00000,0x000000077f479628,0x000000077f480000)
GC Heap History (10 events):
Event: 2.817 GC heap before
{Heap before GC invocations=3 (full 0):
 PSYoungGen      total 38400K, used 38375K [0x00000007d5e80000, 0x00000007da980000, 0x0000000800000000)
  eden space 33280K, 100% used [0x00000007d5e80000,0x00000007d7f00000,0x00000007d7f00000)
  from space 5120K, 99% used [0x00000007d8400000,0x00000007d88f9f20,0x00000007d8900000)
  to   space 5120K, 0% used [0x00000007d7f00000,0x00000007d7f00000,0x00000007d8400000)
 ParOldGen       total 86016K, used 352K [0x0000000781c00000, 0x0000000787000000, 0x00000007d5e80000)
  object space 86016K, 0% used [0x0000000781c00000,0x0000000781c58040,0x0000000787000000)
 PSPermGen       total 21504K, used 15917K [0x000000077ca00000, 0x000000077df00000, 0x0000000781c00000)
  object space 21504K, 74% used [0x000000077ca00000,0x000000077d98b558,0x000000077df00000)
Event: 2.830 GC heap after
Heap after GC invocations=3 (full 0):
 PSYoungGen      total 38400K, used 4651K [0x00000007d5e80000, 0x00000007da980000, 0x0000000800000000)
  eden space 33280K, 0% used [0x00000007d5e80000,0x00000007d5e80000,0x00000007d7f00000)
  from space 5120K, 90% used [0x00000007d7f00000,0x00000007d838ada0,0x00000007d8400000)
  to   space 5120K, 0% used [0x00000007da480000,0x00000007da480000,0x00000007da980000)
 ParOldGen       total 86016K, used 360K [0x0000000781c00000, 0x0000000787000000, 0x00000007d5e80000)
  object space 86016K, 0% used [0x0000000781c00000,0x0000000781c5a040,0x0000000787000000)
 PSPermGen       total 21504K, used 15917K [0x000000077ca00000, 0x000000077df00000, 0x0000000781c00000)
  object space 21504K, 74% used [0x000000077ca00000,0x000000077d98b558,0x000000077df00000)
}
Event: 2.994 GC heap before
{Heap before GC invocations=4 (full 0):
 PSYoungGen      total 38400K, used 37931K [0x00000007d5e80000, 0x00000007da980000, 0x0000000800000000)
  eden space 33280K, 100% used [0x00000007d5e80000,0x00000007d7f00000,0x00000007d7f00000)
  from space 5120K, 90% used [0x00000007d7f00000,0x00000007d838ada0,0x00000007d8400000)
  to   space 5120K, 0% used [0x00000007da480000,0x00000007da480000,0x00000007da980000)
 ParOldGen       total 86016K, used 360K [0x0000000781c00000, 0x0000000787000000, 0x00000007d5e80000)
  object space 86016K, 0% used [0x0000000781c00000,0x0000000781c5a040,0x0000000787000000)
 PSPermGen       total 21504K, used 16060K [0x000000077ca00000, 0x000000077df00000, 0x0000000781c00000)
  object space 21504K, 74% used [0x000000077ca00000,0x000000077d9af0d8,0x000000077df00000)
Event: 3.002 GC heap after
Heap after GC invocations=4 (full 0):
 PSYoungGen      total 71680K, used 4179K [0x00000007d5e80000, 0x00000007da980000, 0x0000000800000000)
  eden space 66560K, 0% used [0x00000007d5e80000,0x00000007d5e80000,0x00000007d9f80000)
  from space 5120K, 81% used [0x00000007da480000,0x00000007da894e78,0x00000007da980000)
  to   space 5120K, 0% used [0x00000007d9f80000,0x00000007d9f80000,0x00000007da480000)
 ParOldGen       total 86016K, used 368K [0x0000000781c00000, 0x0000000787000000, 0x00000007d5e80000)
  object space 86016K, 0% used [0x0000000781c00000,0x0000000781c5c040,0x0000000787000000)
 PSPermGen       total 21504K, used 16060K [0x000000077ca00000, 0x000000077df00000, 0x0000000781c00000)
  object space 21504K, 74% used [0x000000077ca00000,0x000000077d9af0d8,0x000000077df00000)
}
Event: 3.920 GC heap before
{Heap before GC invocations=5 (full 0):
 PSYoungGen      total 71680K, used 70739K [0x00000007d5e80000, 0x00000007da980000, 0x0000000800000000)
  eden space 66560K, 100% used [0x00000007d5e80000,0x00000007d9f80000,0x00000007d9f80000)
  from space 5120K, 81% used [0x00000007da480000,0x00000007da894e78,0x00000007da980000)
  to   space 5120K, 0% used [0x00000007d9f80000,0x00000007d9f80000,0x00000007da480000)
 ParOldGen       total 86016K, used 368K [0x0000000781c00000, 0x0000000787000000, 0x00000007d5e80000)
  object space 86016K, 0% used [0x0000000781c00000,0x0000000781c5c040,0x0000000787000000)
 PSPermGen       total 21504K, used 18081K [0x000000077ca00000, 0x000000077df00000, 0x0000000781c00000)
  object space 21504K, 84% used [0x000000077ca00000,0x000000077dba8448,0x000000077df00000)
Event: 3.931 GC heap after
Heap after GC invocations=5 (full 0):
 PSYoungGen      total 71680K, used 5100K [0x00000007d5e80000, 0x00000007ded80000, 0x0000000800000000)
  eden space 66560K, 0% used [0x00000007d5e80000,0x00000007d5e80000,0x00000007d9f80000)
  from space 5120K, 99% used [0x00000007d9f80000,0x00000007da47b0d0,0x00000007da480000)
  to   space 6656K, 0% used [0x00000007de700000,0x00000007de700000,0x00000007ded80000)
 ParOldGen       total 86016K, used 1736K [0x0000000781c00000, 0x0000000787000000, 0x00000007d5e80000)
  object space 86016K, 2% used [0x0000000781c00000,0x0000000781db2128,0x0000000787000000)
 PSPermGen       total 21504K, used 18081K [0x000000077ca00000, 0x000000077df00000, 0x0000000781c00000)
  object space 21504K, 84% used [0x000000077ca00000,0x000000077dba8448,0x000000077df00000)
}
Event: 4.846 GC heap before
{Heap before GC invocations=6 (full 0):
 PSYoungGen      total 71680K, used 71660K [0x00000007d5e80000, 0x00000007ded80000, 0x0000000800000000)
  eden space 66560K, 100% used [0x00000007d5e80000,0x00000007d9f80000,0x00000007d9f80000)
  from space 5120K, 99% used [0x00000007d9f80000,0x00000007da47b0d0,0x00000007da480000)
  to   space 6656K, 0% used [0x00000007de700000,0x00000007de700000,0x00000007ded80000)
 ParOldGen       total 86016K, used 1736K [0x0000000781c00000, 0x0000000787000000, 0x00000007d5e80000)
  object space 86016K, 2% used [0x0000000781c00000,0x0000000781db2128,0x0000000787000000)
 PSPermGen       total 21504K, used 20713K [0x000000077ca00000, 0x000000077df00000, 0x0000000781c00000)
  object space 21504K, 96% used [0x000000077ca00000,0x000000077de3a7a0,0x000000077df00000)
Event: 4.860 GC heap after
Heap after GC invocations=6 (full 0):
 PSYoungGen      total 138240K, used 6640K [0x00000007d5e80000, 0x00000007df080000, 0x0000000800000000)
  eden space 131584K, 0% used [0x00000007d5e80000,0x00000007d5e80000,0x00000007ddf00000)
  from space 6656K, 99% used [0x00000007de700000,0x00000007ded7c008,0x00000007ded80000)
  to   space 8192K, 0% used [0x00000007ddf00000,0x00000007ddf00000,0x00000007de700000)
 ParOldGen       total 86016K, used 2986K [0x0000000781c00000, 0x0000000787000000, 0x00000007d5e80000)
  object space 86016K, 3% used [0x0000000781c00000,0x0000000781eea9c0,0x0000000787000000)
 PSPermGen       total 21504K, used 20713K [0x000000077ca00000, 0x000000077df00000, 0x0000000781c00000)
  object space 21504K, 96% used [0x000000077ca00000,0x000000077de3a7a0,0x000000077df00000)
}
Event: 7.416 GC heap before
{Heap before GC invocations=7 (full 0):
 PSYoungGen      total 138240K, used 138224K [0x00000007d5e80000, 0x00000007df080000, 0x0000000800000000)
  eden space 131584K, 100% used [0x00000007d5e80000,0x00000007ddf00000,0x00000007ddf00000)
  from space 6656K, 99% used [0x00000007de700000,0x00000007ded7c008,0x00000007ded80000)
  to   space 8192K, 0% used [0x00000007ddf00000,0x00000007ddf00000,0x00000007de700000)
 ParOldGen       total 86016K, used 2986K [0x0000000781c00000, 0x0000000787000000, 0x00000007d5e80000)
  object space 86016K, 3% used [0x0000000781c00000,0x0000000781eea9c0,0x0000000787000000)
 PSPermGen       total 35328K, used 35086K [0x000000077ca00000, 0x000000077ec80000, 0x0000000781c00000)
  object space 35328K, 99% used [0x000000077ca00000,0x000000077ec43bf0,0x000000077ec80000)
Event: 7.444 GC heap after
Heap after GC invocations=7 (full 0):
 PSYoungGen      total 139776K, used 8174K [0x00000007d5e80000, 0x00000007e7c80000, 0x0000000800000000)
  eden space 131584K, 0% used [0x00000007d5e80000,0x00000007d5e80000,0x00000007ddf00000)
  from space 8192K, 99% used [0x00000007ddf00000,0x00000007de6fb8c8,0x00000007de700000)
  to   space 14848K, 0% used [0x00000007e6e00000,0x00000007e6e00000,0x00000007e7c80000)
 ParOldGen       total 86016K, used 14367K [0x0000000781c00000, 0x0000000787000000, 0x00000007d5e80000)
  object space 86016K, 16% used [0x0000000781c00000,0x0000000782a07f90,0x0000000787000000)
 PSPermGen       total 35328K, used 35086K [0x000000077ca00000, 0x000000077ec80000, 0x0000000781c00000)
  object space 35328K, 99% used [0x000000077ca00000,0x000000077ec43bf0,0x000000077ec80000)
}

